* using log directory ‘/Users/dylanlawless/web/archipelago/archipelago.Rcheck’
* using R version 4.4.0 (2024-04-24)
* using platform: x86_64-apple-darwin20
* R was compiled by
    Apple clang version 14.0.0 (clang-1400.0.29.202)
    GNU Fortran (GCC) 12.2.0
* running under: macOS Monterey 12.6.6
* using session charset: UTF-8
* using option ‘--as-cran’
* checking for file ‘archipelago/DESCRIPTION’ ... OK
* this is package ‘archipelago’ version ‘0.1.0’
* package encoding: UTF-8
* checking CRAN incoming feasibility ... [6s/16s] NOTE
Maintainer: ‘Dylan Lawless <dylan.lawless@protonmail.com>’

New submission
* checking package namespace information ... OK
* checking package dependencies ... OK
* checking if this is a source package ... OK
* checking if there is a namespace ... OK
* checking for executable files ... OK
* checking for hidden files and directories ... OK
* checking for portable file names ... OK
* checking for sufficient/correct file permissions ... OK
* checking whether package ‘archipelago’ can be installed ... OK
* checking installed package size ... OK
* checking package directory ... OK
* checking for future file timestamps ... NOTE
unable to verify current time
* checking DESCRIPTION meta-information ... OK
* checking top-level files ... OK
* checking for left-over files ... OK
* checking index information ... OK
* checking package subdirectories ... OK
* checking code files for non-ASCII characters ... OK
* checking R files for syntax errors ... OK
* checking whether the package can be loaded ... OK
* checking whether the package can be loaded with stated dependencies ... OK
* checking whether the package can be unloaded cleanly ... OK
* checking whether the namespace can be loaded with stated dependencies ... OK
* checking whether the namespace can be unloaded cleanly ... OK
* checking use of S3 registration ... OK
* checking dependencies in R code ... OK
* checking S3 generic/method consistency ... OK
* checking replacement functions ... OK
* checking foreign function calls ... OK
* checking R code for possible problems ... OK
* checking Rd files ... OK
* checking Rd metadata ... OK
* checking Rd line widths ... OK
* checking Rd cross-references ... OK
* checking for missing documentation entries ... OK
* checking for code/documentation mismatches ... OK
* checking Rd \usage sections ... OK
* checking Rd contents ... OK
* checking for unstated dependencies in examples ... OK
* checking contents of ‘data’ directory ... OK
* checking data for non-ASCII characters ... OK
* checking LazyData ... OK
* checking data for ASCII and uncompressed saves ... OK
* checking examples ... OK
* checking for unstated dependencies in ‘tests’ ... OK
* checking tests ... OK
  Running ‘testthat.R’
* checking PDF version of manual ... OK
* checking HTML version of manual ... NOTE
Found the following HTML validation problems:
archipelago_plot.html:15:44 (archipelago_plot.Rd:5): Error: <main> is not recognized!
archipelago_plot.html:15:44 (archipelago_plot.Rd:5): Warning: discarding unexpected <main>
archipelago_plot.html:188:1 (archipelago_plot.Rd:107): Warning: discarding unexpected </main>
archipelago_plot.html:4:1 (archipelago_plot.Rd:5): Warning: <link> inserting "type" attribute
archipelago_plot.html:12:1 (archipelago_plot.Rd:5): Warning: <script> proprietary attribute "onload"
archipelago_plot.html:12:1 (archipelago_plot.Rd:5): Warning: <script> inserting "type" attribute
archipelago_plot.html:17:1 (archipelago_plot.Rd:5): Warning: <table> lacks "summary" attribute
archipelago_plot.html:29:1 (archipelago_plot.Rd:7): Warning: <table> lacks "summary" attribute
df2.html:15:44 (df2.Rd:6): Error: <main> is not recognized!
df2.html:15:44 (df2.Rd:6): Warning: discarding unexpected <main>
df2.html:52:1 (df2.Rd:15): Warning: discarding unexpected </main>
df2.html:4:1 (df2.Rd:6): Warning: <link> inserting "type" attribute
df2.html:12:1 (df2.Rd:6): Warning: <script> proprietary attribute "onload"
df2.html:12:1 (df2.Rd:6): Warning: <script> inserting "type" attribute
df2.html:17:1 (df2.Rd:6): Warning: <table> lacks "summary" attribute
vsat_pval.html:15:44 (vsat_pval.Rd:6): Error: <main> is not recognized!
vsat_pval.html:15:44 (vsat_pval.Rd:6): Warning: discarding unexpected <main>
vsat_pval.html:46:1 (vsat_pval.Rd:12): Warning: discarding unexpected </main>
vsat_pval.html:4:1 (vsat_pval.Rd:6): Warning: <link> inserting "type" attribute
vsat_pval.html:12:1 (vsat_pval.Rd:6): Warning: <script> proprietary attribute "onload"
vsat_pval.html:12:1 (vsat_pval.Rd:6): Warning: <script> inserting "type" attribute
vsat_pval.html:17:1 (vsat_pval.Rd:6): Warning: <table> lacks "summary" attribute
* checking for non-standard things in the check directory ... OK
* checking for detritus in the temp directory ... OK
* DONE
Status: 3 NOTEs
